{"contracts/staking/StakingReward.sol":{"l":{"55":47,"57":45,"72":16,"80":8,"81":8,"83":6,"84":6,"85":6,"86":6,"93":15,"95":13,"97":8,"103":11,"104":11,"106":11,"107":10,"108":10,"111":11,"116":11,"118":11,"120":11,"127":1,"129":1,"131":1,"132":1,"133":1,"138":1,"142":1,"143":1,"144":1,"150":1,"168":33,"169":33,"170":33,"171":33,"186":23,"187":23,"188":23,"189":23,"190":23,"191":23,"203":8,"204":8,"205":7,"211":8,"212":8,"219":16,"220":16,"222":16,"223":16,"225":14,"227":14,"228":1,"229":1,"230":1,"231":1,"232":1,"233":1,"235":1,"236":1,"241":1,"242":1,"249":14,"254":14,"258":14,"259":14,"261":14,"262":14,"263":14,"264":14,"265":8,"269":14,"271":14,"273":12,"275":12,"276":4,"280":8,"281":8,"282":4,"286":4,"292":12,"297":12,"299":12,"307":47,"308":47,"318":25,"319":25,"320":20,"324":25,"325":25,"326":25,"330":25,"331":25,"335":47,"336":29,"338":18},"path":"/Users/evgenijzdarkin/Desktop/RnB/sbomb-contracts/contracts/staking/StakingReward.sol","s":{"1":47,"2":16,"3":8,"4":8,"5":6,"6":6,"7":6,"8":6,"9":15,"10":13,"11":5,"12":8,"13":11,"14":11,"15":11,"16":10,"17":10,"18":11,"19":11,"20":11,"21":11,"22":1,"23":1,"24":1,"25":1,"26":1,"27":1,"28":1,"29":1,"30":1,"31":1,"32":33,"33":33,"34":33,"35":33,"36":23,"37":23,"38":23,"39":23,"40":23,"41":23,"42":8,"43":8,"44":7,"45":8,"46":8,"47":16,"48":16,"49":16,"50":16,"51":14,"52":14,"53":1,"54":1,"55":1,"56":1,"57":1,"58":1,"59":1,"60":1,"61":1,"62":1,"63":14,"64":14,"65":14,"66":14,"67":14,"68":14,"69":14,"70":14,"71":8,"72":14,"73":14,"74":12,"75":12,"76":4,"77":8,"78":8,"79":4,"80":4,"81":12,"82":12,"83":12,"84":47,"85":47,"86":25,"87":25,"88":20,"89":25,"90":25,"91":25,"92":25,"93":25,"94":47,"95":29,"96":18},"b":{"1":[45,2],"2":[8,8],"3":[6,2],"4":[13,2],"5":[5,8],"6":[6,2],"7":[10,1],"8":[11,0],"9":[1,0],"10":[1,0],"11":[1,0],"12":[1,0],"13":[1,0],"14":[7,1],"15":[16,0],"16":[14,2],"17":[1,13],"18":[1,0],"19":[1,0],"20":[1,0],"21":[1,0],"22":[14,0],"23":[8,6],"24":[12,2],"25":[4,8],"26":[4,4],"27":[12,0],"28":[20,5],"29":[29,18]},"f":{"1":47,"2":16,"3":15,"4":1,"5":1,"6":33,"7":23,"8":8,"9":16,"10":14,"11":47,"12":25,"13":47},"fnMap":{"1":{"name":"contractWasInitiated","line":54,"loc":{"start":{"line":54,"column":4},"end":{"line":58,"column":4}}},"2":{"name":"initStaking","line":71,"loc":{"start":{"line":66,"column":4},"end":{"line":87,"column":4}}},"3":{"name":"deposit","line":92,"loc":{"start":{"line":92,"column":4},"end":{"line":121,"column":4}}},"4":{"name":"getTokensForOwner","line":126,"loc":{"start":{"line":126,"column":4},"end":{"line":139,"column":4}}},"5":{"name":"emergencyExit","line":141,"loc":{"start":{"line":141,"column":4},"end":{"line":151,"column":4}}},"6":{"name":"getUserInfo","line":158,"loc":{"start":{"line":158,"column":4},"end":{"line":172,"column":4}}},"7":{"name":"getPoolInfo","line":174,"loc":{"start":{"line":174,"column":4},"end":{"line":192,"column":4}}},"8":{"name":"getNextReward","line":198,"loc":{"start":{"line":198,"column":4},"end":{"line":213,"column":4}}},"9":{"name":"withdraw","line":218,"loc":{"start":{"line":218,"column":4},"end":{"line":255,"column":4}}},"10":{"name":"claim","line":257,"loc":{"start":{"line":257,"column":4},"end":{"line":300,"column":4}}},"11":{"name":"calculateReward","line":302,"loc":{"start":{"line":302,"column":4},"end":{"line":315,"column":4}}},"12":{"name":"updateVars","line":317,"loc":{"start":{"line":317,"column":4},"end":{"line":332,"column":4}}},"13":{"name":"getStamp","line":334,"loc":{"start":{"line":334,"column":4},"end":{"line":340,"column":4}}}},"statementMap":{"1":{"start":{"line":55,"column":8},"end":{"line":55,"column":50}},"2":{"start":{"line":72,"column":8},"end":{"line":72,"column":2113}},"3":{"start":{"line":80,"column":8},"end":{"line":80,"column":71}},"4":{"start":{"line":81,"column":8},"end":{"line":81,"column":63}},"5":{"start":{"line":83,"column":8},"end":{"line":83,"column":33}},"6":{"start":{"line":84,"column":8},"end":{"line":84,"column":33}},"7":{"start":{"line":85,"column":8},"end":{"line":85,"column":29}},"8":{"start":{"line":86,"column":8},"end":{"line":86,"column":51}},"9":{"start":{"line":93,"column":8},"end":{"line":93,"column":51}},"10":{"start":{"line":95,"column":8},"end":{"line":95,"column":2840}},"11":{"start":{"line":95,"column":31},"end":{"line":95,"column":60}},"12":{"start":{"line":97,"column":12},"end":{"line":97,"column":2926}},"13":{"start":{"line":103,"column":8},"end":{"line":103,"column":75}},"14":{"start":{"line":104,"column":8},"end":{"line":104,"column":39}},"15":{"start":{"line":106,"column":8},"end":{"line":106,"column":3178}},"16":{"start":{"line":107,"column":12},"end":{"line":107,"column":29}},"17":{"start":{"line":108,"column":12},"end":{"line":108,"column":50}},"18":{"start":{"line":111,"column":8},"end":{"line":111,"column":3316}},"19":{"start":{"line":116,"column":8},"end":{"line":116,"column":76}},"20":{"start":{"line":118,"column":8},"end":{"line":118,"column":44}},"21":{"start":{"line":120,"column":8},"end":{"line":120,"column":74}},"22":{"start":{"line":127,"column":8},"end":{"line":127,"column":70}},"23":{"start":{"line":129,"column":8},"end":{"line":129,"column":67}},"24":{"start":{"line":131,"column":8},"end":{"line":131,"column":44}},"25":{"start":{"line":132,"column":8},"end":{"line":132,"column":3989}},"26":{"start":{"line":133,"column":12},"end":{"line":133,"column":4023}},"27":{"start":{"line":138,"column":8},"end":{"line":138,"column":40}},"28":{"start":{"line":142,"column":8},"end":{"line":142,"column":69}},"29":{"start":{"line":143,"column":8},"end":{"line":143,"column":4327}},"30":{"start":{"line":144,"column":12},"end":{"line":144,"column":4361}},"31":{"start":{"line":150,"column":8},"end":{"line":150,"column":34}},"32":{"start":{"line":168,"column":8},"end":{"line":168,"column":39}},"33":{"start":{"line":169,"column":8},"end":{"line":169,"column":37}},"34":{"start":{"line":170,"column":8},"end":{"line":170,"column":71}},"35":{"start":{"line":171,"column":8},"end":{"line":171,"column":55}},"36":{"start":{"line":186,"column":8},"end":{"line":186,"column":33}},"37":{"start":{"line":187,"column":8},"end":{"line":187,"column":29}},"38":{"start":{"line":188,"column":8},"end":{"line":188,"column":45}},"39":{"start":{"line":189,"column":8},"end":{"line":189,"column":31}},"40":{"start":{"line":190,"column":8},"end":{"line":190,"column":29}},"41":{"start":{"line":191,"column":8},"end":{"line":191,"column":29}},"42":{"start":{"line":203,"column":8},"end":{"line":203,"column":34}},"43":{"start":{"line":204,"column":8},"end":{"line":204,"column":5929}},"44":{"start":{"line":205,"column":12},"end":{"line":205,"column":5960}},"45":{"start":{"line":211,"column":8},"end":{"line":211,"column":53}},"46":{"start":{"line":212,"column":8},"end":{"line":212,"column":60}},"47":{"start":{"line":219,"column":8},"end":{"line":219,"column":39}},"48":{"start":{"line":220,"column":8},"end":{"line":220,"column":47}},"49":{"start":{"line":222,"column":8},"end":{"line":222,"column":50}},"50":{"start":{"line":223,"column":8},"end":{"line":223,"column":74}},"51":{"start":{"line":225,"column":8},"end":{"line":225,"column":51}},"52":{"start":{"line":227,"column":8},"end":{"line":227,"column":6692}},"53":{"start":{"line":228,"column":12},"end":{"line":228,"column":26}},"54":{"start":{"line":229,"column":12},"end":{"line":229,"column":25}},"55":{"start":{"line":230,"column":12},"end":{"line":230,"column":60}},"56":{"start":{"line":231,"column":12},"end":{"line":231,"column":58}},"57":{"start":{"line":232,"column":12},"end":{"line":232,"column":28}},"58":{"start":{"line":233,"column":12},"end":{"line":233,"column":27}},"59":{"start":{"line":235,"column":12},"end":{"line":235,"column":7003}},"60":{"start":{"line":236,"column":16},"end":{"line":236,"column":7041}},"61":{"start":{"line":241,"column":12},"end":{"line":241,"column":7203}},"62":{"start":{"line":242,"column":16},"end":{"line":242,"column":7240}},"63":{"start":{"line":249,"column":8},"end":{"line":249,"column":7402}},"64":{"start":{"line":254,"column":8},"end":{"line":254,"column":47}},"65":{"start":{"line":258,"column":8},"end":{"line":258,"column":39}},"66":{"start":{"line":259,"column":8},"end":{"line":259,"column":47}},"67":{"start":{"line":261,"column":8},"end":{"line":261,"column":39}},"68":{"start":{"line":262,"column":8},"end":{"line":262,"column":34}},"69":{"start":{"line":263,"column":8},"end":{"line":263,"column":22}},"70":{"start":{"line":264,"column":8},"end":{"line":264,"column":7829}},"71":{"start":{"line":265,"column":12},"end":{"line":265,"column":7860}},"72":{"start":{"line":269,"column":8},"end":{"line":269,"column":52}},"73":{"start":{"line":271,"column":8},"end":{"line":271,"column":52}},"74":{"start":{"line":273,"column":8},"end":{"line":273,"column":33}},"75":{"start":{"line":275,"column":8},"end":{"line":275,"column":8156}},"76":{"start":{"line":276,"column":12},"end":{"line":276,"column":8216}},"77":{"start":{"line":280,"column":12},"end":{"line":280,"column":29}},"78":{"start":{"line":281,"column":12},"end":{"line":281,"column":8377}},"79":{"start":{"line":282,"column":16},"end":{"line":282,"column":8423}},"80":{"start":{"line":286,"column":16},"end":{"line":286,"column":8564}},"81":{"start":{"line":292,"column":8},"end":{"line":292,"column":8699}},"82":{"start":{"line":297,"column":8},"end":{"line":297,"column":70}},"83":{"start":{"line":299,"column":8},"end":{"line":299,"column":54}},"84":{"start":{"line":307,"column":8},"end":{"line":307,"column":47}},"85":{"start":{"line":308,"column":8},"end":{"line":308,"column":9145}},"86":{"start":{"line":318,"column":8},"end":{"line":318,"column":34}},"87":{"start":{"line":319,"column":8},"end":{"line":319,"column":9491}},"88":{"start":{"line":320,"column":12},"end":{"line":320,"column":9523}},"89":{"start":{"line":324,"column":8},"end":{"line":324,"column":65}},"90":{"start":{"line":325,"column":8},"end":{"line":325,"column":65}},"91":{"start":{"line":326,"column":8},"end":{"line":326,"column":9754}},"92":{"start":{"line":330,"column":8},"end":{"line":330,"column":55}},"93":{"start":{"line":331,"column":8},"end":{"line":331,"column":25}},"94":{"start":{"line":335,"column":8},"end":{"line":335,"column":10017}},"95":{"start":{"line":336,"column":12},"end":{"line":336,"column":34}},"96":{"start":{"line":338,"column":12},"end":{"line":338,"column":38}}},"branchMap":{"1":{"line":55,"type":"if","locations":[{"start":{"line":55,"column":8},"end":{"line":55,"column":8}},{"start":{"line":55,"column":8},"end":{"line":55,"column":8}}]},"2":{"line":72,"type":"if","locations":[{"start":{"line":72,"column":8},"end":{"line":72,"column":8}},{"start":{"line":72,"column":8},"end":{"line":72,"column":8}}]},"3":{"line":81,"type":"if","locations":[{"start":{"line":81,"column":8},"end":{"line":81,"column":8}},{"start":{"line":81,"column":8},"end":{"line":81,"column":8}}]},"4":{"line":93,"type":"if","locations":[{"start":{"line":93,"column":8},"end":{"line":93,"column":8}},{"start":{"line":93,"column":8},"end":{"line":93,"column":8}}]},"5":{"line":95,"type":"if","locations":[{"start":{"line":95,"column":8},"end":{"line":95,"column":8}},{"start":{"line":95,"column":8},"end":{"line":95,"column":8}}]},"6":{"line":97,"type":"if","locations":[{"start":{"line":97,"column":12},"end":{"line":97,"column":12}},{"start":{"line":97,"column":12},"end":{"line":97,"column":12}}]},"7":{"line":106,"type":"if","locations":[{"start":{"line":106,"column":8},"end":{"line":106,"column":8}},{"start":{"line":106,"column":8},"end":{"line":106,"column":8}}]},"8":{"line":111,"type":"if","locations":[{"start":{"line":111,"column":8},"end":{"line":111,"column":8}},{"start":{"line":111,"column":8},"end":{"line":111,"column":8}}]},"9":{"line":129,"type":"if","locations":[{"start":{"line":129,"column":8},"end":{"line":129,"column":8}},{"start":{"line":129,"column":8},"end":{"line":129,"column":8}}]},"10":{"line":132,"type":"if","locations":[{"start":{"line":132,"column":8},"end":{"line":132,"column":8}},{"start":{"line":132,"column":8},"end":{"line":132,"column":8}}]},"11":{"line":133,"type":"if","locations":[{"start":{"line":133,"column":12},"end":{"line":133,"column":12}},{"start":{"line":133,"column":12},"end":{"line":133,"column":12}}]},"12":{"line":143,"type":"if","locations":[{"start":{"line":143,"column":8},"end":{"line":143,"column":8}},{"start":{"line":143,"column":8},"end":{"line":143,"column":8}}]},"13":{"line":144,"type":"if","locations":[{"start":{"line":144,"column":12},"end":{"line":144,"column":12}},{"start":{"line":144,"column":12},"end":{"line":144,"column":12}}]},"14":{"line":204,"type":"if","locations":[{"start":{"line":204,"column":8},"end":{"line":204,"column":8}},{"start":{"line":204,"column":8},"end":{"line":204,"column":8}}]},"15":{"line":222,"type":"if","locations":[{"start":{"line":222,"column":8},"end":{"line":222,"column":8}},{"start":{"line":222,"column":8},"end":{"line":222,"column":8}}]},"16":{"line":223,"type":"if","locations":[{"start":{"line":223,"column":8},"end":{"line":223,"column":8}},{"start":{"line":223,"column":8},"end":{"line":223,"column":8}}]},"17":{"line":227,"type":"if","locations":[{"start":{"line":227,"column":8},"end":{"line":227,"column":8}},{"start":{"line":227,"column":8},"end":{"line":227,"column":8}}]},"18":{"line":235,"type":"if","locations":[{"start":{"line":235,"column":12},"end":{"line":235,"column":12}},{"start":{"line":235,"column":12},"end":{"line":235,"column":12}}]},"19":{"line":236,"type":"if","locations":[{"start":{"line":236,"column":16},"end":{"line":236,"column":16}},{"start":{"line":236,"column":16},"end":{"line":236,"column":16}}]},"20":{"line":241,"type":"if","locations":[{"start":{"line":241,"column":12},"end":{"line":241,"column":12}},{"start":{"line":241,"column":12},"end":{"line":241,"column":12}}]},"21":{"line":242,"type":"if","locations":[{"start":{"line":242,"column":16},"end":{"line":242,"column":16}},{"start":{"line":242,"column":16},"end":{"line":242,"column":16}}]},"22":{"line":249,"type":"if","locations":[{"start":{"line":249,"column":8},"end":{"line":249,"column":8}},{"start":{"line":249,"column":8},"end":{"line":249,"column":8}}]},"23":{"line":264,"type":"if","locations":[{"start":{"line":264,"column":8},"end":{"line":264,"column":8}},{"start":{"line":264,"column":8},"end":{"line":264,"column":8}}]},"24":{"line":271,"type":"if","locations":[{"start":{"line":271,"column":8},"end":{"line":271,"column":8}},{"start":{"line":271,"column":8},"end":{"line":271,"column":8}}]},"25":{"line":275,"type":"if","locations":[{"start":{"line":275,"column":8},"end":{"line":275,"column":8}},{"start":{"line":275,"column":8},"end":{"line":275,"column":8}}]},"26":{"line":281,"type":"if","locations":[{"start":{"line":281,"column":12},"end":{"line":281,"column":12}},{"start":{"line":281,"column":12},"end":{"line":281,"column":12}}]},"27":{"line":292,"type":"if","locations":[{"start":{"line":292,"column":8},"end":{"line":292,"column":8}},{"start":{"line":292,"column":8},"end":{"line":292,"column":8}}]},"28":{"line":319,"type":"if","locations":[{"start":{"line":319,"column":8},"end":{"line":319,"column":8}},{"start":{"line":319,"column":8},"end":{"line":319,"column":8}}]},"29":{"line":335,"type":"if","locations":[{"start":{"line":335,"column":8},"end":{"line":335,"column":8}},{"start":{"line":335,"column":8},"end":{"line":335,"column":8}}]}}},"contracts/test/TestToken.sol":{"l":{"9":21,"10":21,"13":0,"16":21},"path":"/Users/evgenijzdarkin/Desktop/RnB/sbomb-contracts/contracts/test/TestToken.sol","s":{"1":21,"2":21,"3":0,"4":21},"b":{},"f":{"1":21,"2":0,"3":21},"fnMap":{"1":{"name":"constructor","line":7,"loc":{"start":{"line":7,"column":4},"end":{"line":11,"column":4}}},"2":{"name":"mint","line":12,"loc":{"start":{"line":12,"column":4},"end":{"line":14,"column":4}}},"3":{"name":"decimals","line":15,"loc":{"start":{"line":15,"column":4},"end":{"line":17,"column":4}}}},"statementMap":{"1":{"start":{"line":9,"column":8},"end":{"line":9,"column":67}},"2":{"start":{"line":10,"column":8},"end":{"line":10,"column":39}},"3":{"start":{"line":13,"column":8},"end":{"line":13,"column":24}},"4":{"start":{"line":16,"column":8},"end":{"line":16,"column":17}}},"branchMap":{}}}