{"contracts/staking/StakingReward.sol":{"l":{"54":88,"56":86,"71":16,"79":8,"80":8,"82":6,"83":6,"84":6,"85":6,"92":14,"94":12,"96":7,"102":10,"104":10,"106":10,"108":10,"110":10,"115":10,"133":35,"134":35,"135":35,"136":35,"151":23,"152":23,"153":23,"154":23,"155":23,"156":23,"164":11,"165":11,"166":5,"168":6,"171":11,"178":20,"179":20,"181":20,"182":18,"183":16,"185":14,"187":14,"188":14,"190":14,"191":1,"192":1,"193":1,"194":1,"196":1,"197":1,"203":1,"204":1,"211":14,"216":14,"220":14,"222":14,"224":14,"226":14,"228":14,"230":12,"231":6,"232":6,"233":3,"235":6,"238":12,"239":4,"242":12,"247":12,"255":49,"256":49,"258":49,"259":44,"260":35,"264":44,"270":44,"283":38,"284":38,"285":24,"287":14,"290":38,"291":38,"293":38,"294":38,"295":25,"300":38,"301":10,"302":5,"305":10,"306":10,"307":10,"310":38,"311":14,"312":14,"315":14,"316":14,"317":14},"path":"/Users/evgenijzdarkin/Desktop/RnB/sbomb-contracts/contracts/staking/StakingReward.sol","s":{"1":88,"2":16,"3":8,"4":8,"5":6,"6":6,"7":6,"8":6,"9":14,"10":12,"11":5,"12":7,"13":10,"14":10,"15":9,"16":10,"17":10,"18":9,"19":10,"20":10,"21":35,"22":35,"23":35,"24":35,"25":23,"26":23,"27":23,"28":23,"29":23,"30":23,"31":11,"32":11,"33":5,"34":6,"35":11,"36":20,"37":20,"38":20,"39":18,"40":16,"41":14,"42":14,"43":14,"44":14,"45":1,"46":1,"47":1,"48":1,"49":1,"50":1,"51":1,"52":1,"53":14,"54":14,"55":14,"56":14,"57":14,"58":14,"59":14,"60":12,"61":6,"62":6,"63":3,"64":6,"65":12,"66":4,"67":12,"68":12,"69":49,"70":49,"71":49,"72":44,"73":35,"74":44,"75":44,"76":38,"77":38,"78":24,"79":14,"80":38,"81":38,"82":38,"83":38,"84":25,"85":38,"86":10,"87":5,"88":10,"89":10,"90":10,"91":38,"92":14,"93":14,"94":14,"95":14,"96":14},"b":{"1":[86,2],"2":[8,8],"3":[6,2],"4":[12,2],"5":[5,7],"6":[5,2],"7":[9,1],"8":[9,1],"9":[10,0],"10":[5,6],"11":[18,2],"12":[16,2],"13":[14,2],"14":[1,13],"15":[1,0],"16":[1,0],"17":[1,0],"18":[1,0],"19":[14,0],"20":[12,2],"21":[6,6],"22":[3,3],"23":[4,8],"24":[12,0],"25":[44,5],"26":[35,9],"27":[24,14],"28":[25,13],"29":[10,28],"30":[5,5],"31":[14,24],"32":[14,0]},"f":{"1":88,"2":16,"3":14,"4":35,"5":23,"6":11,"7":20,"8":14,"9":49,"10":38},"fnMap":{"1":{"name":"contractWasInitiated","line":53,"loc":{"start":{"line":53,"column":4},"end":{"line":57,"column":4}}},"2":{"name":"initStaking","line":70,"loc":{"start":{"line":65,"column":4},"end":{"line":86,"column":4}}},"3":{"name":"deposit","line":91,"loc":{"start":{"line":91,"column":4},"end":{"line":116,"column":4}}},"4":{"name":"getUserInfo","line":123,"loc":{"start":{"line":123,"column":4},"end":{"line":137,"column":4}}},"5":{"name":"getPoolInfo","line":139,"loc":{"start":{"line":139,"column":4},"end":{"line":157,"column":4}}},"6":{"name":"getReward","line":159,"loc":{"start":{"line":159,"column":4},"end":{"line":172,"column":4}}},"7":{"name":"withdraw","line":177,"loc":{"start":{"line":177,"column":4},"end":{"line":217,"column":4}}},"8":{"name":"claim","line":219,"loc":{"start":{"line":219,"column":4},"end":{"line":248,"column":4}}},"9":{"name":"calculateReward","line":250,"loc":{"start":{"line":250,"column":4},"end":{"line":276,"column":4}}},"10":{"name":"updateRewards","line":282,"loc":{"start":{"line":278,"column":4},"end":{"line":319,"column":4}}}},"statementMap":{"1":{"start":{"line":54,"column":8},"end":{"line":54,"column":50}},"2":{"start":{"line":71,"column":8},"end":{"line":71,"column":1990}},"3":{"start":{"line":79,"column":8},"end":{"line":79,"column":71}},"4":{"start":{"line":80,"column":8},"end":{"line":80,"column":63}},"5":{"start":{"line":82,"column":8},"end":{"line":82,"column":33}},"6":{"start":{"line":83,"column":8},"end":{"line":83,"column":33}},"7":{"start":{"line":84,"column":8},"end":{"line":84,"column":29}},"8":{"start":{"line":85,"column":8},"end":{"line":85,"column":51}},"9":{"start":{"line":92,"column":8},"end":{"line":92,"column":51}},"10":{"start":{"line":94,"column":8},"end":{"line":94,"column":2717}},"11":{"start":{"line":94,"column":31},"end":{"line":94,"column":60}},"12":{"start":{"line":96,"column":12},"end":{"line":96,"column":2803}},"13":{"start":{"line":102,"column":8},"end":{"line":102,"column":39}},"14":{"start":{"line":104,"column":8},"end":{"line":104,"column":61}},"15":{"start":{"line":104,"column":41},"end":{"line":104,"column":60}},"16":{"start":{"line":106,"column":8},"end":{"line":106,"column":42}},"17":{"start":{"line":108,"column":8},"end":{"line":108,"column":79}},"18":{"start":{"line":108,"column":40},"end":{"line":108,"column":78}},"19":{"start":{"line":110,"column":8},"end":{"line":110,"column":3170}},"20":{"start":{"line":115,"column":8},"end":{"line":115,"column":74}},"21":{"start":{"line":133,"column":8},"end":{"line":133,"column":39}},"22":{"start":{"line":134,"column":8},"end":{"line":134,"column":37}},"23":{"start":{"line":135,"column":8},"end":{"line":135,"column":71}},"24":{"start":{"line":136,"column":8},"end":{"line":136,"column":55}},"25":{"start":{"line":151,"column":8},"end":{"line":151,"column":33}},"26":{"start":{"line":152,"column":8},"end":{"line":152,"column":29}},"27":{"start":{"line":153,"column":8},"end":{"line":153,"column":45}},"28":{"start":{"line":154,"column":8},"end":{"line":154,"column":31}},"29":{"start":{"line":155,"column":8},"end":{"line":155,"column":29}},"30":{"start":{"line":156,"column":8},"end":{"line":156,"column":29}},"31":{"start":{"line":164,"column":8},"end":{"line":164,"column":21}},"32":{"start":{"line":165,"column":8},"end":{"line":165,"column":4665}},"33":{"start":{"line":166,"column":12},"end":{"line":166,"column":34}},"34":{"start":{"line":168,"column":12},"end":{"line":168,"column":38}},"35":{"start":{"line":171,"column":8},"end":{"line":171,"column":77}},"36":{"start":{"line":178,"column":8},"end":{"line":178,"column":39}},"37":{"start":{"line":179,"column":8},"end":{"line":179,"column":47}},"38":{"start":{"line":181,"column":8},"end":{"line":181,"column":61}},"39":{"start":{"line":182,"column":8},"end":{"line":182,"column":50}},"40":{"start":{"line":183,"column":8},"end":{"line":183,"column":74}},"41":{"start":{"line":185,"column":8},"end":{"line":185,"column":42}},"42":{"start":{"line":187,"column":8},"end":{"line":187,"column":22}},"43":{"start":{"line":188,"column":8},"end":{"line":188,"column":21}},"44":{"start":{"line":190,"column":8},"end":{"line":190,"column":5421}},"45":{"start":{"line":191,"column":12},"end":{"line":191,"column":65}},"46":{"start":{"line":192,"column":12},"end":{"line":192,"column":64}},"47":{"start":{"line":193,"column":12},"end":{"line":193,"column":28}},"48":{"start":{"line":194,"column":12},"end":{"line":194,"column":27}},"49":{"start":{"line":196,"column":12},"end":{"line":196,"column":5688}},"50":{"start":{"line":197,"column":16},"end":{"line":197,"column":5726}},"51":{"start":{"line":203,"column":12},"end":{"line":203,"column":5889}},"52":{"start":{"line":204,"column":16},"end":{"line":204,"column":5926}},"53":{"start":{"line":211,"column":8},"end":{"line":211,"column":6088}},"54":{"start":{"line":216,"column":8},"end":{"line":216,"column":62}},"55":{"start":{"line":220,"column":8},"end":{"line":220,"column":39}},"56":{"start":{"line":222,"column":8},"end":{"line":222,"column":36}},"57":{"start":{"line":224,"column":8},"end":{"line":224,"column":6444}},"58":{"start":{"line":226,"column":8},"end":{"line":226,"column":41}},"59":{"start":{"line":228,"column":8},"end":{"line":228,"column":52}},"60":{"start":{"line":230,"column":8},"end":{"line":230,"column":6614}},"61":{"start":{"line":231,"column":12},"end":{"line":231,"column":51}},"62":{"start":{"line":232,"column":12},"end":{"line":232,"column":6729}},"63":{"start":{"line":233,"column":16},"end":{"line":233,"column":37}},"64":{"start":{"line":235,"column":12},"end":{"line":235,"column":31}},"65":{"start":{"line":238,"column":8},"end":{"line":238,"column":6856}},"66":{"start":{"line":239,"column":12},"end":{"line":239,"column":65}},"67":{"start":{"line":242,"column":8},"end":{"line":242,"column":6971}},"68":{"start":{"line":247,"column":8},"end":{"line":247,"column":44}},"69":{"start":{"line":255,"column":8},"end":{"line":255,"column":47}},"70":{"start":{"line":256,"column":8},"end":{"line":256,"column":38}},"71":{"start":{"line":258,"column":8},"end":{"line":258,"column":7376}},"72":{"start":{"line":259,"column":12},"end":{"line":259,"column":7432}},"73":{"start":{"line":260,"column":16},"end":{"line":260,"column":7467}},"74":{"start":{"line":264,"column":12},"end":{"line":264,"column":7636}},"75":{"start":{"line":270,"column":12},"end":{"line":270,"column":7829}},"76":{"start":{"line":283,"column":8},"end":{"line":283,"column":21}},"77":{"start":{"line":284,"column":8},"end":{"line":284,"column":8141}},"78":{"start":{"line":285,"column":12},"end":{"line":285,"column":34}},"79":{"start":{"line":287,"column":12},"end":{"line":287,"column":38}},"80":{"start":{"line":290,"column":8},"end":{"line":290,"column":48}},"81":{"start":{"line":291,"column":8},"end":{"line":291,"column":39}},"82":{"start":{"line":293,"column":8},"end":{"line":293,"column":74}},"83":{"start":{"line":294,"column":8},"end":{"line":294,"column":8486}},"84":{"start":{"line":295,"column":12},"end":{"line":295,"column":8517}},"85":{"start":{"line":300,"column":8},"end":{"line":300,"column":8669}},"86":{"start":{"line":301,"column":12},"end":{"line":301,"column":8729}},"87":{"start":{"line":302,"column":16},"end":{"line":302,"column":8783}},"88":{"start":{"line":305,"column":12},"end":{"line":305,"column":39}},"89":{"start":{"line":306,"column":12},"end":{"line":306,"column":39}},"90":{"start":{"line":307,"column":12},"end":{"line":307,"column":67}},"91":{"start":{"line":310,"column":8},"end":{"line":310,"column":9046}},"92":{"start":{"line":311,"column":12},"end":{"line":311,"column":9106}},"93":{"start":{"line":312,"column":16},"end":{"line":312,"column":9160}},"94":{"start":{"line":315,"column":12},"end":{"line":315,"column":39}},"95":{"start":{"line":316,"column":12},"end":{"line":316,"column":29}},"96":{"start":{"line":317,"column":12},"end":{"line":317,"column":67}}},"branchMap":{"1":{"line":54,"type":"if","locations":[{"start":{"line":54,"column":8},"end":{"line":54,"column":8}},{"start":{"line":54,"column":8},"end":{"line":54,"column":8}}]},"2":{"line":71,"type":"if","locations":[{"start":{"line":71,"column":8},"end":{"line":71,"column":8}},{"start":{"line":71,"column":8},"end":{"line":71,"column":8}}]},"3":{"line":80,"type":"if","locations":[{"start":{"line":80,"column":8},"end":{"line":80,"column":8}},{"start":{"line":80,"column":8},"end":{"line":80,"column":8}}]},"4":{"line":92,"type":"if","locations":[{"start":{"line":92,"column":8},"end":{"line":92,"column":8}},{"start":{"line":92,"column":8},"end":{"line":92,"column":8}}]},"5":{"line":94,"type":"if","locations":[{"start":{"line":94,"column":8},"end":{"line":94,"column":8}},{"start":{"line":94,"column":8},"end":{"line":94,"column":8}}]},"6":{"line":96,"type":"if","locations":[{"start":{"line":96,"column":12},"end":{"line":96,"column":12}},{"start":{"line":96,"column":12},"end":{"line":96,"column":12}}]},"7":{"line":104,"type":"if","locations":[{"start":{"line":104,"column":8},"end":{"line":104,"column":8}},{"start":{"line":104,"column":8},"end":{"line":104,"column":8}}]},"8":{"line":108,"type":"if","locations":[{"start":{"line":108,"column":8},"end":{"line":108,"column":8}},{"start":{"line":108,"column":8},"end":{"line":108,"column":8}}]},"9":{"line":110,"type":"if","locations":[{"start":{"line":110,"column":8},"end":{"line":110,"column":8}},{"start":{"line":110,"column":8},"end":{"line":110,"column":8}}]},"10":{"line":165,"type":"if","locations":[{"start":{"line":165,"column":8},"end":{"line":165,"column":8}},{"start":{"line":165,"column":8},"end":{"line":165,"column":8}}]},"11":{"line":181,"type":"if","locations":[{"start":{"line":181,"column":8},"end":{"line":181,"column":8}},{"start":{"line":181,"column":8},"end":{"line":181,"column":8}}]},"12":{"line":182,"type":"if","locations":[{"start":{"line":182,"column":8},"end":{"line":182,"column":8}},{"start":{"line":182,"column":8},"end":{"line":182,"column":8}}]},"13":{"line":183,"type":"if","locations":[{"start":{"line":183,"column":8},"end":{"line":183,"column":8}},{"start":{"line":183,"column":8},"end":{"line":183,"column":8}}]},"14":{"line":190,"type":"if","locations":[{"start":{"line":190,"column":8},"end":{"line":190,"column":8}},{"start":{"line":190,"column":8},"end":{"line":190,"column":8}}]},"15":{"line":196,"type":"if","locations":[{"start":{"line":196,"column":12},"end":{"line":196,"column":12}},{"start":{"line":196,"column":12},"end":{"line":196,"column":12}}]},"16":{"line":197,"type":"if","locations":[{"start":{"line":197,"column":16},"end":{"line":197,"column":16}},{"start":{"line":197,"column":16},"end":{"line":197,"column":16}}]},"17":{"line":203,"type":"if","locations":[{"start":{"line":203,"column":12},"end":{"line":203,"column":12}},{"start":{"line":203,"column":12},"end":{"line":203,"column":12}}]},"18":{"line":204,"type":"if","locations":[{"start":{"line":204,"column":16},"end":{"line":204,"column":16}},{"start":{"line":204,"column":16},"end":{"line":204,"column":16}}]},"19":{"line":211,"type":"if","locations":[{"start":{"line":211,"column":8},"end":{"line":211,"column":8}},{"start":{"line":211,"column":8},"end":{"line":211,"column":8}}]},"20":{"line":228,"type":"if","locations":[{"start":{"line":228,"column":8},"end":{"line":228,"column":8}},{"start":{"line":228,"column":8},"end":{"line":228,"column":8}}]},"21":{"line":230,"type":"if","locations":[{"start":{"line":230,"column":8},"end":{"line":230,"column":8}},{"start":{"line":230,"column":8},"end":{"line":230,"column":8}}]},"22":{"line":232,"type":"if","locations":[{"start":{"line":232,"column":12},"end":{"line":232,"column":12}},{"start":{"line":232,"column":12},"end":{"line":232,"column":12}}]},"23":{"line":238,"type":"if","locations":[{"start":{"line":238,"column":8},"end":{"line":238,"column":8}},{"start":{"line":238,"column":8},"end":{"line":238,"column":8}}]},"24":{"line":242,"type":"if","locations":[{"start":{"line":242,"column":8},"end":{"line":242,"column":8}},{"start":{"line":242,"column":8},"end":{"line":242,"column":8}}]},"25":{"line":258,"type":"if","locations":[{"start":{"line":258,"column":8},"end":{"line":258,"column":8}},{"start":{"line":258,"column":8},"end":{"line":258,"column":8}}]},"26":{"line":259,"type":"if","locations":[{"start":{"line":259,"column":12},"end":{"line":259,"column":12}},{"start":{"line":259,"column":12},"end":{"line":259,"column":12}}]},"27":{"line":284,"type":"if","locations":[{"start":{"line":284,"column":8},"end":{"line":284,"column":8}},{"start":{"line":284,"column":8},"end":{"line":284,"column":8}}]},"28":{"line":294,"type":"if","locations":[{"start":{"line":294,"column":8},"end":{"line":294,"column":8}},{"start":{"line":294,"column":8},"end":{"line":294,"column":8}}]},"29":{"line":300,"type":"if","locations":[{"start":{"line":300,"column":8},"end":{"line":300,"column":8}},{"start":{"line":300,"column":8},"end":{"line":300,"column":8}}]},"30":{"line":301,"type":"if","locations":[{"start":{"line":301,"column":12},"end":{"line":301,"column":12}},{"start":{"line":301,"column":12},"end":{"line":301,"column":12}}]},"31":{"line":310,"type":"if","locations":[{"start":{"line":310,"column":8},"end":{"line":310,"column":8}},{"start":{"line":310,"column":8},"end":{"line":310,"column":8}}]},"32":{"line":311,"type":"if","locations":[{"start":{"line":311,"column":12},"end":{"line":311,"column":12}},{"start":{"line":311,"column":12},"end":{"line":311,"column":12}}]}}},"contracts/test/TestToken.sol":{"l":{"9":21,"10":21,"13":0,"16":21},"path":"/Users/evgenijzdarkin/Desktop/RnB/sbomb-contracts/contracts/test/TestToken.sol","s":{"1":21,"2":21,"3":0,"4":21},"b":{},"f":{"1":21,"2":0,"3":21},"fnMap":{"1":{"name":"constructor","line":7,"loc":{"start":{"line":7,"column":4},"end":{"line":11,"column":4}}},"2":{"name":"mint","line":12,"loc":{"start":{"line":12,"column":4},"end":{"line":14,"column":4}}},"3":{"name":"decimals","line":15,"loc":{"start":{"line":15,"column":4},"end":{"line":17,"column":4}}}},"statementMap":{"1":{"start":{"line":9,"column":8},"end":{"line":9,"column":67}},"2":{"start":{"line":10,"column":8},"end":{"line":10,"column":39}},"3":{"start":{"line":13,"column":8},"end":{"line":13,"column":24}},"4":{"start":{"line":16,"column":8},"end":{"line":16,"column":17}}},"branchMap":{}}}