{
"contracts/staking/StakingReward.sol":{"l":{"54":72,"56":70,"71":11,"79":3,"80":3,"85":1,"86":1,"87":1,"88":1,"97":13,"99":11,"101":10,"107":5,"108":5,"110":5,"111":4,"115":4,"120":5,"121":5,"122":5,"124":5,"126":5,"131":5,"142":11,"143":11,"156":22,"157":22,"158":22,"159":22,"160":22,"161":22,"169":13,"170":13,"172":13,"173":11,"174":9,"176":7,"178":7,"179":7,"180":4,"182":3,"183":3,"184":1,"188":7,"191":7,"192":7,"193":7,"195":7,"197":7,"198":7,"199":7,"200":1,"201":1,"202":1,"203":1,"206":7,"207":7,"208":7,"209":7,"211":7,"224":25,"225":25,"226":16,"228":9,"231":25,"233":25,"235":25,"241":19,"242":19,"244":19,"246":15,"248":15,"250":13,"251":13,"253":13,"254":1,"257":13,"259":13,"264":41,"265":27},"path":"/Users/evgenijzdarkin/Desktop/RnB/sbomb-contracts/contracts/staking/StakingReward.sol","s":{"1":72,"2":11,"3":3,"4":3,"5":1,"6":1,"7":1,"8":1,"9":13,"10":11,"11":1,"12":10,"13":5,"14":5,"15":5,"16":4,"17":4,"18":5,"19":5,"20":5,"21":5,"22":3,"23":5,"24":5,"25":11,"26":11,"27":22,"28":22,"29":22,"30":22,"31":22,"32":22,"33":13,"34":13,"35":13,"36":11,"37":9,"38":7,"39":7,"40":7,"41":4,"42":3,"43":3,"44":1,"45":7,"46":7,"47":7,"48":7,"49":7,"50":7,"51":7,"52":7,"53":1,"54":1,"55":1,"56":1,"57":7,"58":7,"59":7,"60":7,"61":7,"62":25,"63":25,"64":16,"65":9,"66":25,"67":25,"68":25,"69":19,"70":19,"71":19,"72":15,"73":15,"74":13,"75":13,"76":13,"77":1,"78":13,"79":13,"80":41,"81":27},"b":{"1":[70,2],"2":[3,8],"3":[1,2],"4":[11,2],"5":[1,10],"6":[4,6],"7":[4,1],"8":[3,2],"9":[5,0],"10":[11,2],"11":[9,2],"12":[7,2],"13":[4,3],"14":[1,2],"15":[1,6],"16":[16,9],"17":[15,4],"18":[13,2],"19":[1,12],"20":[27,14],"21":[27,0]},"f":{"1":72,"2":11,"3":13,"4":11,"5":22,"6":13,"7":25,"8":19,"9":41},"fnMap":{"1":{"name":"contractWasInitiated","line":53,"loc":{"start":{"line":53,"column":4},"end":{"line":57,"column":4}}},"2":{"name":"initStaking","line":68,"loc":{"start":{"line":65,"column":4},"end":{"line":90,"column":4}}},"3":{"name":"deposit","line":95,"loc":{"start":{"line":95,"column":4},"end":{"line":133,"column":4}}},"4":{"name":"getUserInfo","line":140,"loc":{"start":{"line":140,"column":4},"end":{"line":144,"column":4}}},"5":{"name":"getPoolInfo","line":147,"loc":{"start":{"line":147,"column":4},"end":{"line":162,"column":4}}},"6":{"name":"withdraw","line":167,"loc":{"start":{"line":167,"column":4},"end":{"line":212,"column":4}}},"7":{"name":"calculateRewards","line":221,"loc":{"start":{"line":218,"column":4},"end":{"line":237,"column":4}}},"8":{"name":"claim","line":239,"loc":{"start":{"line":239,"column":4},"end":{"line":260,"column":4}}},"9":{"name":"transferTokens","line":262,"loc":{"start":{"line":262,"column":4},"end":{"line":271,"column":4}}}},"statementMap":{"1":{"start":{"line":54,"column":8},"end":{"line":54,"column":50}},"2":{"start":{"line":71,"column":8},"end":{"line":71,"column":1929}},"3":{"start":{"line":79,"column":8},"end":{"line":79,"column":71}},"4":{"start":{"line":80,"column":8},"end":{"line":80,"column":2227}},"5":{"start":{"line":85,"column":8},"end":{"line":85,"column":33}},"6":{"start":{"line":86,"column":8},"end":{"line":86,"column":33}},"7":{"start":{"line":87,"column":8},"end":{"line":87,"column":29}},"8":{"start":{"line":88,"column":8},"end":{"line":88,"column":49}},"9":{"start":{"line":97,"column":8},"end":{"line":97,"column":51}},"10":{"start":{"line":99,"column":8},"end":{"line":99,"column":2687}},"11":{"start":{"line":99,"column":31},"end":{"line":99,"column":60}},"12":{"start":{"line":101,"column":12},"end":{"line":101,"column":2773}},"13":{"start":{"line":107,"column":8},"end":{"line":107,"column":39}},"14":{"start":{"line":108,"column":8},"end":{"line":108,"column":47}},"15":{"start":{"line":110,"column":8},"end":{"line":110,"column":2997}},"16":{"start":{"line":111,"column":12},"end":{"line":111,"column":3048}},"17":{"start":{"line":115,"column":12},"end":{"line":115,"column":3190}},"18":{"start":{"line":120,"column":8},"end":{"line":120,"column":27}},"19":{"start":{"line":121,"column":8},"end":{"line":121,"column":35}},"20":{"start":{"line":122,"column":8},"end":{"line":122,"column":54}},"21":{"start":{"line":124,"column":8},"end":{"line":124,"column":69}},"22":{"start":{"line":124,"column":30},"end":{"line":124,"column":68}},"23":{"start":{"line":126,"column":8},"end":{"line":126,"column":3490}},"24":{"start":{"line":131,"column":8},"end":{"line":131,"column":75}},"25":{"start":{"line":142,"column":8},"end":{"line":142,"column":39}},"26":{"start":{"line":143,"column":8},"end":{"line":143,"column":37}},"27":{"start":{"line":156,"column":8},"end":{"line":156,"column":33}},"28":{"start":{"line":157,"column":8},"end":{"line":157,"column":29}},"29":{"start":{"line":158,"column":8},"end":{"line":158,"column":45}},"30":{"start":{"line":159,"column":8},"end":{"line":159,"column":31}},"31":{"start":{"line":160,"column":8},"end":{"line":160,"column":29}},"32":{"start":{"line":161,"column":8},"end":{"line":161,"column":29}},"33":{"start":{"line":169,"column":8},"end":{"line":169,"column":39}},"34":{"start":{"line":170,"column":8},"end":{"line":170,"column":47}},"35":{"start":{"line":172,"column":8},"end":{"line":172,"column":61}},"36":{"start":{"line":173,"column":8},"end":{"line":173,"column":50}},"37":{"start":{"line":174,"column":8},"end":{"line":174,"column":74}},"38":{"start":{"line":176,"column":8},"end":{"line":176,"column":65}},"39":{"start":{"line":178,"column":8},"end":{"line":178,"column":21}},"40":{"start":{"line":179,"column":8},"end":{"line":179,"column":5087}},"41":{"start":{"line":180,"column":12},"end":{"line":180,"column":34}},"42":{"start":{"line":182,"column":12},"end":{"line":182,"column":38}},"43":{"start":{"line":183,"column":12},"end":{"line":183,"column":5243}},"44":{"start":{"line":184,"column":16},"end":{"line":184,"column":69}},"45":{"start":{"line":188,"column":8},"end":{"line":188,"column":5390}},"46":{"start":{"line":191,"column":8},"end":{"line":191,"column":27}},"47":{"start":{"line":192,"column":8},"end":{"line":192,"column":54}},"48":{"start":{"line":193,"column":8},"end":{"line":193,"column":5615}},"49":{"start":{"line":195,"column":8},"end":{"line":195,"column":25}},"50":{"start":{"line":197,"column":8},"end":{"line":197,"column":22}},"51":{"start":{"line":198,"column":8},"end":{"line":198,"column":21}},"52":{"start":{"line":199,"column":8},"end":{"line":199,"column":5751}},"53":{"start":{"line":200,"column":12},"end":{"line":200,"column":39}},"54":{"start":{"line":201,"column":12},"end":{"line":201,"column":38}},"55":{"start":{"line":202,"column":12},"end":{"line":202,"column":28}},"56":{"start":{"line":203,"column":12},"end":{"line":203,"column":27}},"57":{"start":{"line":206,"column":8},"end":{"line":206,"column":55}},"58":{"start":{"line":207,"column":8},"end":{"line":207,"column":52}},"59":{"start":{"line":208,"column":8},"end":{"line":208,"column":53}},"60":{"start":{"line":209,"column":8},"end":{"line":209,"column":53}},"61":{"start":{"line":211,"column":8},"end":{"line":211,"column":72}},"62":{"start":{"line":224,"column":8},"end":{"line":224,"column":21}},"63":{"start":{"line":225,"column":8},"end":{"line":225,"column":6532}},"64":{"start":{"line":226,"column":12},"end":{"line":226,"column":34}},"65":{"start":{"line":228,"column":12},"end":{"line":228,"column":38}},"66":{"start":{"line":231,"column":8},"end":{"line":231,"column":48}},"67":{"start":{"line":233,"column":8},"end":{"line":233,"column":6780}},"68":{"start":{"line":235,"column":8},"end":{"line":235,"column":47}},"69":{"start":{"line":241,"column":8},"end":{"line":241,"column":39}},"70":{"start":{"line":242,"column":8},"end":{"line":242,"column":47}},"71":{"start":{"line":244,"column":8},"end":{"line":244,"column":57}},"72":{"start":{"line":246,"column":8},"end":{"line":246,"column":52}},"73":{"start":{"line":248,"column":8},"end":{"line":248,"column":52}},"74":{"start":{"line":250,"column":8},"end":{"line":250,"column":70}},"75":{"start":{"line":251,"column":8},"end":{"line":251,"column":37}},"76":{"start":{"line":253,"column":8},"end":{"line":253,"column":7376}},"77":{"start":{"line":254,"column":12},"end":{"line":254,"column":33}},"78":{"start":{"line":257,"column":8},"end":{"line":257,"column":53}},"79":{"start":{"line":259,"column":8},"end":{"line":259,"column":44}},"80":{"start":{"line":264,"column":8},"end":{"line":264,"column":7687}},"81":{"start":{"line":265,"column":12},"end":{"line":265,"column":7723}}},"branchMap":{"1":{"line":54,"type":"if","locations":[{"start":{"line":54,"column":8},"end":{"line":54,"column":8}},{"start":{"line":54,"column":8},"end":{"line":54,"column":8}}]},"2":{"line":71,"type":"if","locations":[{"start":{"line":71,"column":8},"end":{"line":71,"column":8}},{"start":{"line":71,"column":8},"end":{"line":71,"column":8}}]},"3":{"line":80,"type":"if","locations":[{"start":{"line":80,"column":8},"end":{"line":80,"column":8}},{"start":{"line":80,"column":8},"end":{"line":80,"column":8}}]},"4":{"line":97,"type":"if","locations":[{"start":{"line":97,"column":8},"end":{"line":97,"column":8}},{"start":{"line":97,"column":8},"end":{"line":97,"column":8}}]},"5":{"line":99,"type":"if","locations":[{"start":{"line":99,"column":8},"end":{"line":99,"column":8}},{"start":{"line":99,"column":8},"end":{"line":99,"column":8}}]},"6":{"line":101,"type":"if","locations":[{"start":{"line":101,"column":12},"end":{"line":101,"column":12}},{"start":{"line":101,"column":12},"end":{"line":101,"column":12}}]},"7":{"line":110,"type":"if","locations":[{"start":{"line":110,"column":8},"end":{"line":110,"column":8}},{"start":{"line":110,"column":8},"end":{"line":110,"column":8}}]},"8":{"line":124,"type":"if","locations":[{"start":{"line":124,"column":8},"end":{"line":124,"column":8}},{"start":{"line":124,"column":8},"end":{"line":124,"column":8}}]},"9":{"line":126,"type":"if","locations":[{"start":{"line":126,"column":8},"end":{"line":126,"column":8}},{"start":{"line":126,"column":8},"end":{"line":126,"column":8}}]},"10":{"line":172,"type":"if","locations":[{"start":{"line":172,"column":8},"end":{"line":172,"column":8}},{"start":{"line":172,"column":8},"end":{"line":172,"column":8}}]},"11":{"line":173,"type":"if","locations":[{"start":{"line":173,"column":8},"end":{"line":173,"column":8}},{"start":{"line":173,"column":8},"end":{"line":173,"column":8}}]},"12":{"line":174,"type":"if","locations":[{"start":{"line":174,"column":8},"end":{"line":174,"column":8}},{"start":{"line":174,"column":8},"end":{"line":174,"column":8}}]},"13":{"line":179,"type":"if","locations":[{"start":{"line":179,"column":8},"end":{"line":179,"column":8}},{"start":{"line":179,"column":8},"end":{"line":179,"column":8}}]},"14":{"line":183,"type":"if","locations":[{"start":{"line":183,"column":12},"end":{"line":183,"column":12}},{"start":{"line":183,"column":12},"end":{"line":183,"column":12}}]},"15":{"line":199,"type":"if","locations":[{"start":{"line":199,"column":8},"end":{"line":199,"column":8}},{"start":{"line":199,"column":8},"end":{"line":199,"column":8}}]},"16":{"line":225,"type":"if","locations":[{"start":{"line":225,"column":8},"end":{"line":225,"column":8}},{"start":{"line":225,"column":8},"end":{"line":225,"column":8}}]},"17":{"line":244,"type":"if","locations":[{"start":{"line":244,"column":8},"end":{"line":244,"column":8}},{"start":{"line":244,"column":8},"end":{"line":244,"column":8}}]},"18":{"line":248,"type":"if","locations":[{"start":{"line":248,"column":8},"end":{"line":248,"column":8}},{"start":{"line":248,"column":8},"end":{"line":248,"column":8}}]},"19":{"line":253,"type":"if","locations":[{"start":{"line":253,"column":8},"end":{"line":253,"column":8}},{"start":{"line":253,"column":8},"end":{"line":253,"column":8}}]},"20":{"line":264,"type":"if","locations":[{"start":{"line":264,"column":8},"end":{"line":264,"column":8}},{"start":{"line":264,"column":8},"end":{"line":264,"column":8}}]},"21":{"line":265,"type":"if","locations":[{"start":{"line":265,"column":12},"end":{"line":265,"column":12}},{"start":{"line":265,"column":12},"end":{"line":265,"column":12}}]}}},
"contracts/test/TestToken.sol":{"l":{"9":11,"10":11,"13":0,"16":11},"path":"/Users/evgenijzdarkin/Desktop/RnB/sbomb-contracts/contracts/test/TestToken.sol","s":{"1":11,"2":11,"3":0,"4":11},"b":{},"f":{"1":11,"2":0,"3":11},"fnMap":{"1":{"name":"constructor","line":7,"loc":{"start":{"line":7,"column":4},"end":{"line":11,"column":4}}},"2":{"name":"mint","line":12,"loc":{"start":{"line":12,"column":4},"end":{"line":14,"column":4}}},"3":{"name":"decimals","line":15,"loc":{"start":{"line":15,"column":4},"end":{"line":17,"column":4}}}},"statementMap":{"1":{"start":{"line":9,"column":8},"end":{"line":9,"column":67}},"2":{"start":{"line":10,"column":8},"end":{"line":10,"column":39}},"3":{"start":{"line":13,"column":8},"end":{"line":13,"column":24}},"4":{"start":{"line":16,"column":8},"end":{"line":16,"column":17}}},"branchMap":{}}}
