TN:
SF:/Users/evgenijzdarkin/Desktop/RnB/sbomb-contracts/contracts/staking/StakingReward.sol
FN:49,contractWasInitiated
FN:66,initStaking
FN:87,deposit
FN:122,getUserInfo
FN:138,getPoolInfo
FN:162,getReward
FN:174,withdraw
FN:214,claim
FN:240,calculateReward
FN:268,updatePool
FN:278,updateUser
FN:291,getStamp
FNF:12
FNH:12
FNDA:45,contractWasInitiated
FNDA:16,initStaking
FNDA:14,deposit
FNDA:35,getUserInfo
FNDA:23,getPoolInfo
FNDA:13,getReward
FNDA:15,withdraw
FNDA:14,claim
FNDA:50,calculateReward
FNDA:23,updatePool
FNDA:37,updateUser
FNDA:73,getStamp
DA:50,45
DA:52,43
DA:67,16
DA:75,8
DA:76,8
DA:78,6
DA:79,6
DA:80,6
DA:81,6
DA:88,14
DA:90,12
DA:92,7
DA:98,10
DA:99,10
DA:101,10
DA:102,10
DA:104,10
DA:109,10
DA:111,10
DA:112,10
DA:114,10
DA:132,35
DA:133,35
DA:134,35
DA:135,35
DA:150,23
DA:151,23
DA:152,23
DA:153,23
DA:154,23
DA:155,23
DA:167,13
DA:168,13
DA:175,15
DA:176,15
DA:178,15
DA:179,15
DA:181,13
DA:182,13
DA:184,13
DA:185,1
DA:186,1
DA:187,1
DA:188,1
DA:189,1
DA:190,1
DA:192,1
DA:193,1
DA:198,1
DA:199,1
DA:206,13
DA:211,13
DA:215,14
DA:217,14
DA:219,14
DA:221,14
DA:223,14
DA:225,12
DA:226,6
DA:228,12
DA:229,4
DA:232,12
DA:237,12
DA:245,50
DA:246,50
DA:248,50
DA:249,45
DA:250,38
DA:254,45
DA:260,45
DA:269,23
DA:270,23
DA:271,18
DA:274,23
DA:275,23
DA:279,37
DA:280,37
DA:281,37
DA:282,26
DA:286,37
DA:292,73
DA:293,49
DA:295,24
LF:83
LH:83
BRDA:50,1,0,43
BRDA:50,1,1,2
BRDA:67,2,0,8
BRDA:67,2,1,8
BRDA:76,3,0,6
BRDA:76,3,1,2
BRDA:88,4,0,12
BRDA:88,4,1,2
BRDA:90,5,0,5
BRDA:90,5,1,7
BRDA:92,6,0,5
BRDA:92,6,1,2
BRDA:101,7,0,9
BRDA:101,7,1,1
BRDA:102,8,0,9
BRDA:102,8,1,1
BRDA:104,9,0,10
BRDA:104,9,1,0
BRDA:178,10,0,15
BRDA:178,10,1,0
BRDA:179,11,0,13
BRDA:179,11,1,2
BRDA:184,12,0,1
BRDA:184,12,1,12
BRDA:192,13,0,1
BRDA:192,13,1,0
BRDA:193,14,0,1
BRDA:193,14,1,0
BRDA:198,15,0,1
BRDA:198,15,1,0
BRDA:199,16,0,1
BRDA:199,16,1,0
BRDA:206,17,0,13
BRDA:206,17,1,0
BRDA:223,18,0,12
BRDA:223,18,1,2
BRDA:225,19,0,6
BRDA:225,19,1,6
BRDA:228,20,0,4
BRDA:228,20,1,8
BRDA:232,21,0,12
BRDA:232,21,1,0
BRDA:248,22,0,45
BRDA:248,22,1,5
BRDA:249,23,0,38
BRDA:249,23,1,7
BRDA:270,24,0,18
BRDA:270,24,1,5
BRDA:281,25,0,26
BRDA:281,25,1,11
BRDA:292,26,0,49
BRDA:292,26,1,24
BRF:52
BRH:44
end_of_record
TN:
SF:/Users/evgenijzdarkin/Desktop/RnB/sbomb-contracts/contracts/test/TestToken.sol
FN:7,constructor
FN:12,mint
FN:15,decimals
FNF:3
FNH:2
FNDA:21,constructor
FNDA:0,mint
FNDA:21,decimals
DA:9,21
DA:10,21
DA:13,0
DA:16,21
LF:4
LH:3
BRF:0
BRH:0
end_of_record
