TN:
SF:/Users/evgenijzdarkin/Desktop/RnB/sbomb-contracts/contracts/staking/StakingReward.sol
FN:55,contractWasInitiated
FN:71,initStaking
FN:93,deposit
FN:127,withdraw
FN:181,claim
FN:221,getReward
FN:230,getTokensForOwner
FN:243,emergencyExit
FN:259,getUserInfo
FN:275,getPoolInfo
FN:297,calculateReward
FN:319,updateVars
FN:334,getStamp
FNF:13
FNH:13
FNDA:79,contractWasInitiated
FNDA:19,initStaking
FNDA:25,deposit
FNDA:26,withdraw
FNDA:26,claim
FNDA:26,getReward
FNDA:1,getTokensForOwner
FNDA:1,emergencyExit
FNDA:48,getUserInfo
FNDA:42,getPoolInfo
FNDA:95,calculateReward
FNDA:43,updateVars
FNDA:138,getStamp
DA:56,79
DA:57,77
DA:72,19
DA:80,11
DA:81,11
DA:83,9
DA:84,9
DA:85,9
DA:86,9
DA:87,9
DA:94,25
DA:96,23
DA:98,13
DA:104,21
DA:105,21
DA:107,21
DA:108,19
DA:109,19
DA:110,17
DA:113,21
DA:118,21
DA:119,21
DA:121,21
DA:128,26
DA:129,26
DA:131,26
DA:132,24
DA:134,22
DA:136,22
DA:137,1
DA:138,1
DA:139,1
DA:140,1
DA:141,1
DA:142,1
DA:144,1
DA:145,1
DA:150,1
DA:151,1
DA:158,22
DA:163,22
DA:164,17
DA:165,17
DA:166,5
DA:169,22
DA:172,2
DA:175,2
DA:178,22
DA:182,26
DA:183,26
DA:185,26
DA:186,26
DA:188,26
DA:190,24
DA:192,24
DA:193,12
DA:197,12
DA:198,12
DA:199,6
DA:203,6
DA:209,24
DA:213,24
DA:214,24
DA:222,26
DA:223,26
DA:224,26
DA:231,1
DA:232,1
DA:233,1
DA:234,1
DA:235,1
DA:240,1
DA:244,1
DA:245,1
DA:246,1
DA:251,1
DA:269,48
DA:270,48
DA:271,48
DA:272,48
DA:288,42
DA:289,42
DA:290,42
DA:291,42
DA:292,42
DA:293,42
DA:294,42
DA:302,95
DA:303,95
DA:304,95
DA:305,71
DA:309,95
DA:320,43
DA:321,43
DA:322,43
DA:323,33
DA:326,43
DA:327,43
DA:330,43
DA:331,43
DA:335,138
DA:336,88
DA:338,50
LF:103
LH:103
BRDA:56,1,0,77
BRDA:56,1,1,2
BRDA:72,2,0,11
BRDA:72,2,1,8
BRDA:81,3,0,9
BRDA:81,3,1,2
BRDA:94,4,0,23
BRDA:94,4,1,2
BRDA:96,5,0,10
BRDA:96,5,1,13
BRDA:98,6,0,11
BRDA:98,6,1,2
BRDA:107,7,0,19
BRDA:107,7,1,2
BRDA:109,8,0,17
BRDA:109,8,1,2
BRDA:113,9,0,21
BRDA:113,9,1,0
BRDA:131,10,0,24
BRDA:131,10,1,2
BRDA:132,11,0,22
BRDA:132,11,1,2
BRDA:136,12,0,1
BRDA:136,12,1,21
BRDA:144,13,0,1
BRDA:144,13,1,0
BRDA:145,14,0,1
BRDA:145,14,1,0
BRDA:150,15,0,1
BRDA:150,15,1,0
BRDA:151,16,0,1
BRDA:151,16,1,0
BRDA:158,17,0,22
BRDA:158,17,1,0
BRDA:163,18,0,17
BRDA:163,18,1,5
BRDA:164,19,0,11
BRDA:164,19,1,6
BRDA:165,20,0,5
BRDA:165,20,1,12
BRDA:169,21,0,2
BRDA:169,21,1,20
BRDA:188,22,0,24
BRDA:188,22,1,2
BRDA:192,23,0,12
BRDA:192,23,1,12
BRDA:198,24,0,6
BRDA:198,24,1,6
BRDA:209,25,0,24
BRDA:209,25,1,0
BRDA:232,26,0,1
BRDA:232,26,1,0
BRDA:234,27,0,1
BRDA:234,27,1,0
BRDA:235,28,0,1
BRDA:235,28,1,0
BRDA:245,29,0,1
BRDA:245,29,1,0
BRDA:246,30,0,1
BRDA:246,30,1,0
BRDA:304,31,0,71
BRDA:304,31,1,24
BRDA:322,32,0,33
BRDA:322,32,1,10
BRDA:335,33,0,88
BRDA:335,33,1,50
BRF:66
BRH:54
end_of_record
TN:
SF:/Users/evgenijzdarkin/Desktop/RnB/sbomb-contracts/contracts/test/TestToken.sol
FN:7,constructor
FN:12,mint
FN:15,decimals
FNF:3
FNH:2
FNDA:27,constructor
FNDA:0,mint
FNDA:27,decimals
DA:9,27
DA:10,27
DA:13,0
DA:16,27
LF:4
LH:3
BRF:0
BRH:0
end_of_record
